\BOOKMARK [1][-]{section*.2}{\376\377\000\315\000n\000d\000i\000c\000e\000\040\000d\000e\000\040\000f\000i\000g\000u\000r\000a\000s}{}% 1
\BOOKMARK [1][-]{section*.3}{\376\377\000\315\000n\000d\000i\000c\000e\000\040\000d\000e\000\040\000c\000u\000a\000d\000r\000o\000s}{}% 2
\BOOKMARK [1][-]{section*.4}{\376\377\000P\000r\000e\000g\000u\000n\000t\000a\000s\000\040\000t\000e\000\363\000r\000i\000c\000a\000s}{}% 3
\BOOKMARK [2][-]{section*.5}{\376\377\000E\000j\000e\000r\000c\000i\000c\000i\000o\000\040\0008\000.\0001\000,\000\040\000R\000o\000m\000e\000r\000\040\000\050\0005\000t\000a\000\040\000E\000d\000i\000c\000i\000o\000n\000\051}{section*.4}% 4
\BOOKMARK [3][-]{section*.6}{\376\377\000E\000j\000e\000r\000c\000i\000c\000i\000o\000\040\000\050\000a\000\051}{section*.5}% 5
\BOOKMARK [3][-]{section*.7}{\376\377\000E\000j\000e\000r\000c\000i\000c\000i\000o\000\040\000\050\000b\000\051}{section*.5}% 6
\BOOKMARK [3][-]{section*.8}{\376\377\000E\000j\000e\000r\000c\000i\000c\000i\000o\000\040\000\050\000c\000\051}{section*.5}% 7
\BOOKMARK [2][-]{section*.9}{\376\377\000E\000j\000e\000r\000c\000i\000c\000i\000o\000\040\0008\000.\0002\000,\000\040\000R\000o\000m\000e\000r\000\040\000\050\0005\000t\000a\000\040\000E\000d\000i\000c\000i\000o\000n\000\051}{section*.4}% 8
\BOOKMARK [2][-]{section*.10}{\376\377\000E\000j\000e\000r\000c\000i\000c\000i\000o\000\040\0008\000.\0004\000,\000\040\000R\000o\000m\000e\000r\000\040\000\050\0005\000t\000a\000\040\000E\000d\000i\000c\000i\000o\000n\000\051}{section*.4}% 9
\BOOKMARK [2][-]{section*.11}{\376\377\000E\000j\000e\000r\000c\000i\000c\000i\000o\000\040\0008\000.\0005\000,\000\040\000R\000o\000m\000e\000r\000\040\000\050\0005\000t\000a\000\040\000E\000d\000i\000c\000i\000o\000n\000\051}{section*.4}% 10
\BOOKMARK [3][-]{section*.12}{\376\377\000E\000j\000e\000r\000c\000i\000c\000i\000o\000\040\000\050\000a\000\051}{section*.11}% 11
\BOOKMARK [3][-]{section*.13}{\376\377\000E\000j\000e\000r\000c\000i\000c\000i\000o\000\040\000\050\000b\000\051}{section*.11}% 12
\BOOKMARK [3][-]{section*.14}{\376\377\000E\000j\000e\000r\000c\000i\000c\000i\000o\000\040\000\050\000c\000\051}{section*.11}% 13
\BOOKMARK [3][-]{section*.15}{\376\377\000E\000j\000e\000r\000c\000i\000c\000i\000o\000\040\000\050\000d\000\051}{section*.11}% 14
\BOOKMARK [2][-]{section*.16}{\376\377\000E\000j\000e\000r\000c\000i\000c\000i\000o\000\040\0008\000.\0006\000,\000\040\000R\000o\000m\000e\000r\000\040\000\050\0005\000t\000a\000\040\000E\000d\000i\000c\000i\000o\000n\000\051}{section*.4}% 15
\BOOKMARK [3][-]{section*.17}{\376\377\000E\000j\000e\000r\000c\000i\000c\000i\000o\000\040\000\050\000a\000\051}{section*.16}% 16
\BOOKMARK [3][-]{section*.18}{\376\377\000E\000j\000e\000r\000c\000i\000c\000i\000o\000\040\000\050\000b\000\051}{section*.16}% 17
\BOOKMARK [3][-]{section*.19}{\376\377\000E\000j\000e\000r\000c\000i\000c\000i\000o\000\040\000\050\000c\000\051}{section*.16}% 18
\BOOKMARK [2][-]{section*.20}{\376\377\000E\000j\000e\000r\000c\000i\000c\000i\000o\000\040\0002}{section*.4}% 19
\BOOKMARK [3][-]{section*.21}{\376\377\000\050\000a\000\051}{section*.20}% 20
\BOOKMARK [3][-]{section*.22}{\376\377\000\050\000b\000\051}{section*.20}% 21
\BOOKMARK [3][-]{section*.23}{\376\377\000\050\000c\000\051}{section*.20}% 22
\BOOKMARK [3][-]{section*.24}{\376\377\000\050\000d\000\051}{section*.20}% 23
\BOOKMARK [3][-]{section*.25}{\376\377\000\050\000e\000\051}{section*.20}% 24
\BOOKMARK [3][-]{section*.26}{\376\377\000\050\000f\000\051}{section*.20}% 25
\BOOKMARK [3][-]{section*.27}{\376\377\000\050\000g\000\051}{section*.20}% 26
\BOOKMARK [3][-]{section*.28}{\376\377\000\050\000h\000\051}{section*.20}% 27
\BOOKMARK [2][-]{section*.29}{\376\377\000E\000j\000e\000r\000c\000i\000c\000i\000o\000\040\0003\000.}{section*.4}% 28
\BOOKMARK [3][-]{section*.30}{\376\377\000a\000\051}{section*.29}% 29
\BOOKMARK [3][-]{section*.31}{\376\377\000b\000\051}{section*.29}% 30
\BOOKMARK [3][-]{section*.34}{\376\377\000c\000\051}{section*.29}% 31
\BOOKMARK [3][-]{section*.35}{\376\377\000d\000\051}{section*.29}% 32
\BOOKMARK [3][-]{section*.36}{\376\377\000e\000\051}{section*.29}% 33
\BOOKMARK [3][-]{section*.37}{\376\377\000f\000\051}{section*.29}% 34
\BOOKMARK [3][-]{section*.38}{\376\377\000g\000\051}{section*.29}% 35
\BOOKMARK [2][-]{section*.39}{\376\377\000E\000j\000e\000r\000c\000i\000c\000i\000o\000\040\0004}{section*.4}% 36
\BOOKMARK [3][-]{section*.40}{\376\377\000\050\000a\000\051}{section*.39}% 37
\BOOKMARK [3][-]{section*.41}{\376\377\000\050\000b\000\051}{section*.39}% 38
\BOOKMARK [3][-]{section*.42}{\376\377\000\050\000c\000\051}{section*.39}% 39
\BOOKMARK [3][-]{section*.43}{\376\377\000\050\000d\000\051}{section*.39}% 40
\BOOKMARK [3][-]{section*.44}{\376\377\000\050\000e\000\051}{section*.39}% 41
\BOOKMARK [2][-]{section*.45}{\376\377\000E\000j\000e\000r\000c\000i\000c\000i\000o\000\040\0005}{section*.4}% 42
\BOOKMARK [3][-]{section*.46}{\376\377\000\050\000a\000\051}{section*.45}% 43
\BOOKMARK [3][-]{section*.47}{\376\377\000\050\000b\000\051}{section*.45}% 44
\BOOKMARK [3][-]{section*.48}{\376\377\000\050\000c\000\051}{section*.45}% 45
\BOOKMARK [3][-]{section*.49}{\376\377\000\050\000d\000\051}{section*.45}% 46
\BOOKMARK [3][-]{section*.50}{\376\377\000\050\000e\000\051}{section*.45}% 47
\BOOKMARK [3][-]{section*.51}{\376\377\000\050\000f\000\051}{section*.45}% 48
\BOOKMARK [3][-]{section*.52}{\376\377\000\050\000g\000\051}{section*.45}% 49
\BOOKMARK [3][-]{section*.53}{\376\377\000\050\000h\000\051}{section*.45}% 50
\BOOKMARK [3][-]{section*.54}{\376\377\000\050\000i\000\051}{section*.45}% 51
\BOOKMARK [2][-]{section*.55}{\376\377\000E\000j\000e\000r\000c\000i\000c\000i\000o\000\040\0006}{section*.4}% 52
